This is pdfTeX, Version 3.141592653-2.6-1.40.23 (TeX Live 2021/W32TeX) (preloaded format=pdflatex 2021.11.11)  30 NOV 2021 12:26
entering extended mode
 restricted \write18 enabled.
 file:line:error style messages enabled.
 %&-line parsing enabled.
**c:/Users/saahi/OneDrive/Documents/CompSci/Dissertation/Build/Proposal/Proposal.tex
(c:/Users/saahi/OneDrive/Documents/CompSci/Dissertation/Build/Proposal/Proposal.tex
LaTeX2e <2021-06-01> patch level 1
L3 programming layer <2021-10-18> (c:/texlive/2021/texmf-dist/tex/latex/base/article.cls
Document Class: article 2021/02/12 v1.4n Standard LaTeX document class
(c:/texlive/2021/texmf-dist/tex/latex/base/size10.clo
File: size10.clo 2021/02/12 v1.4n Standard LaTeX file (size option)
)
\c@part=\count182
\c@section=\count183
\c@subsection=\count184
\c@subsubsection=\count185
\c@paragraph=\count186
\c@subparagraph=\count187
\c@figure=\count188
\c@table=\count189
\abovecaptionskip=\skip47
\belowcaptionskip=\skip48
\bibindent=\dimen138
) (c:/texlive/2021/texmf-dist/tex/latex/graphics/graphicx.sty
Package: graphicx 2020/12/05 v1.2c Enhanced LaTeX Graphics (DPC,SPQR)
 (c:/texlive/2021/texmf-dist/tex/latex/graphics/keyval.sty
Package: keyval 2014/10/28 v1.15 key=value parser (DPC)
\KV@toks@=\toks16
) (c:/texlive/2021/texmf-dist/tex/latex/graphics/graphics.sty
Package: graphics 2021/03/04 v1.4d Standard LaTeX Graphics (DPC,SPQR)
 (c:/texlive/2021/texmf-dist/tex/latex/graphics/trig.sty
Package: trig 2016/01/03 v1.10 sin cos tan (DPC)
) (c:/texlive/2021/texmf-dist/tex/latex/graphics-cfg/graphics.cfg
File: graphics.cfg 2016/06/04 v1.11 sample graphics configuration
)
Package graphics Info: Driver file: pdftex.def on input line 107.
 (c:/texlive/2021/texmf-dist/tex/latex/graphics-def/pdftex.def
File: pdftex.def 2020/10/05 v1.2a Graphics/color driver for pdftex
))
\Gin@req@height=\dimen139
\Gin@req@width=\dimen140
) (c:/texlive/2021/texmf-dist/tex/latex/l3backend/l3backend-pdftex.def
File: l3backend-pdftex.def 2021-10-18 L3 backend support: PDF output (pdfTeX)
\l__color_backend_stack_int=\count190
\l__pdf_internal_box=\box50
) (./Proposal.aux)
\openout1 = `Proposal.aux'.

LaTeX Font Info:    Checking defaults for OML/cmm/m/it on input line 7.
LaTeX Font Info:    ... okay on input line 7.
LaTeX Font Info:    Checking defaults for OMS/cmsy/m/n on input line 7.
LaTeX Font Info:    ... okay on input line 7.
LaTeX Font Info:    Checking defaults for OT1/cmr/m/n on input line 7.
LaTeX Font Info:    ... okay on input line 7.
LaTeX Font Info:    Checking defaults for T1/cmr/m/n on input line 7.
LaTeX Font Info:    ... okay on input line 7.
LaTeX Font Info:    Checking defaults for TS1/cmr/m/n on input line 7.
LaTeX Font Info:    ... okay on input line 7.
LaTeX Font Info:    Checking defaults for OMX/cmex/m/n on input line 7.
LaTeX Font Info:    ... okay on input line 7.
LaTeX Font Info:    Checking defaults for U/cmr/m/n on input line 7.
LaTeX Font Info:    ... okay on input line 7.
 (c:/texlive/2021/texmf-dist/tex/context/base/mkii/supp-pdf.mkii
[Loading MPS to PDF converter (version 2006.09.02).]
\scratchcounter=\count191
\scratchdimen=\dimen141
\scratchbox=\box51
\nofMPsegments=\count192
\nofMParguments=\count193
\everyMPshowfont=\toks17
\MPscratchCnt=\count194
\MPscratchDim=\dimen142
\MPnumerator=\count195
\makeMPintoPDFobject=\count196
\everyMPtoPDFconversion=\toks18
) (c:/texlive/2021/texmf-dist/tex/latex/epstopdf-pkg/epstopdf-base.sty
Package: epstopdf-base 2020-01-24 v2.11 Base part for package epstopdf
Package epstopdf-base Info: Redefining graphics rule for `.eps' on input line 485.
 (c:/texlive/2021/texmf-dist/tex/latex/latexconfig/epstopdf-sys.cfg
File: epstopdf-sys.cfg 2010/07/13 v1.3 Configuration of (r)epstopdf for TeX Live
))
LaTeX Font Info:    External font `cmex10' loaded for size
(Font)              <12> on input line 8.
LaTeX Font Info:    External font `cmex10' loaded for size
(Font)              <8> on input line 8.
LaTeX Font Info:    External font `cmex10' loaded for size
(Font)              <6> on input line 8.
 [1

{c:/texlive/2021/texmf-var/fonts/map/pdftex/updmap/pdftex.map}]
Underfull \hbox (badness 10000) in paragraph at lines 13--29

 []


Underfull \hbox (badness 10000) in paragraph at lines 13--29

 []


Underfull \hbox (badness 10000) in paragraph at lines 13--29

 []


Underfull \hbox (badness 10000) in paragraph at lines 13--29

 []


Underfull \hbox (badness 10000) in paragraph at lines 13--29

 []

[2]
Underfull \hbox (badness 10000) in paragraph at lines 33--37

 []

[3] [4] [5]
<Gantt_Chart.png, id=23, 453.19313pt x 328.97906pt>
File: Gantt_Chart.png Graphic file (type png)
<use Gantt_Chart.png>
Package pdftex.def Info: Gantt_Chart.png  used on input line 77.
(pdftex.def)             Requested size: 345.0pt x 250.43831pt.


LaTeX Warning: `h' float specifier changed to `ht'.

[6] [7 <./Gantt_Chart.png>]
Underfull \hbox (badness 5490) in paragraph at lines 92--93
\OT1/cmr/m/n/10 [On-line] Avail-able from: https://machinelearningmastery.com/gentle-
 []


Underfull \hbox (badness 10000) in paragraph at lines 96--97
[]\OT1/cmr/m/n/10 Google, n.d. Overview. [On-line] Avail-able at:
 []

[8] (./Proposal.aux) ) 
Here is how much of TeX's memory you used:
 1232 strings out of 478579
 18823 string characters out of 5857457
 323156 words of memory out of 5000000
 19167 multiletter control sequences out of 15000+600000
 408058 words of font info for 42 fonts, out of 8000000 for 9000
 1141 hyphenation exceptions out of 8191
 57i,7n,66p,1763b,219s stack positions out of 5000i,500n,10000p,200000b,80000s
{c:/texlive/2021/texmf-dist/fonts/enc/dvips/cm-super/cm-super-ts1.enc}<c:/texlive/2021/texmf-dist/fonts/type1/public/amsfonts/cm/cmbx12.pfb><c:/texlive/2021/texmf-dist/fonts/type1/public/amsfonts/cm/cmr10.pfb><c:/texlive/2021/texmf-dist/fonts/type1/public/amsfonts/cm/cmr12.pfb><c:/texlive/2021/texmf-dist/fonts/type1/public/amsfonts/cm/cmr17.pfb><c:/texlive/2021/texmf-dist/fonts/type1/public/amsfonts/cm/cmti10.pfb><c:/texlive/2021/texmf-dist/fonts/type1/public/cm-super/sfrm1000.pfb>
Output written on Proposal.pdf (8 pages, 147613 bytes).
PDF statistics:
 65 PDF objects out of 1000 (max. 8388607)
 40 compressed objects within 1 object stream
 0 named destinations out of 1000 (max. 500000)
 6 words of extra memory for PDF output out of 10000 (max. 10000000)

