This is pdfTeX, Version 3.141592653-2.6-1.40.22 (TeX Live 2022/dev/Debian) (preloaded format=pdflatex 2022.4.28)  28 APR 2022 17:01
entering extended mode
 restricted \write18 enabled.
 file:line:error style messages enabled.
 %&-line parsing enabled.
**/home/saahil/Projects/Dissertation/FInal/Final.tex
(/home/saahil/Projects/Dissertation/FInal/Final.tex
LaTeX2e <2021-11-15> patch level 1
L3 programming layer <2022-01-21> (/usr/share/texlive/texmf-dist/tex/latex/base/report.cls
Document Class: report 2021/10/04 v1.4n Standard LaTeX document class
(/usr/share/texlive/texmf-dist/tex/latex/base/size12.clo
File: size12.clo 2021/10/04 v1.4n Standard LaTeX file (size option)
)
\c@part=\count185
\c@chapter=\count186
\c@section=\count187
\c@subsection=\count188
\c@subsubsection=\count189
\c@paragraph=\count190
\c@subparagraph=\count191
\c@figure=\count192
\c@table=\count193
\abovecaptionskip=\skip47
\belowcaptionskip=\skip48
\bibindent=\dimen138
) (./Bath-CS-Dissertation.sty
Package: Bath-CS-Dissertation 2020/10/10 v1.1
 (/usr/share/texlive/texmf-dist/tex/latex/base/fontenc.sty
Package: fontenc 2021/04/29 v2.0v Standard LaTeX package
) (/usr/share/texmf/tex/latex/lm/lmodern.sty
Package: lmodern 2009/10/30 v1.6 Latin Modern Fonts
LaTeX Font Info:    Overwriting symbol font `operators' in version `normal'
(Font)                  OT1/cmr/m/n --> OT1/lmr/m/n on input line 22.
LaTeX Font Info:    Overwriting symbol font `letters' in version `normal'
(Font)                  OML/cmm/m/it --> OML/lmm/m/it on input line 23.
LaTeX Font Info:    Overwriting symbol font `symbols' in version `normal'
(Font)                  OMS/cmsy/m/n --> OMS/lmsy/m/n on input line 24.
LaTeX Font Info:    Overwriting symbol font `largesymbols' in version `normal'
(Font)                  OMX/cmex/m/n --> OMX/lmex/m/n on input line 25.
LaTeX Font Info:    Overwriting symbol font `operators' in version `bold'
(Font)                  OT1/cmr/bx/n --> OT1/lmr/bx/n on input line 26.
LaTeX Font Info:    Overwriting symbol font `letters' in version `bold'
(Font)                  OML/cmm/b/it --> OML/lmm/b/it on input line 27.
LaTeX Font Info:    Overwriting symbol font `symbols' in version `bold'
(Font)                  OMS/cmsy/b/n --> OMS/lmsy/b/n on input line 28.
LaTeX Font Info:    Overwriting symbol font `largesymbols' in version `bold'
(Font)                  OMX/cmex/m/n --> OMX/lmex/m/n on input line 29.
LaTeX Font Info:    Overwriting math alphabet `\mathbf' in version `normal'
(Font)                  OT1/cmr/bx/n --> OT1/lmr/bx/n on input line 31.
LaTeX Font Info:    Overwriting math alphabet `\mathsf' in version `normal'
(Font)                  OT1/cmss/m/n --> OT1/lmss/m/n on input line 32.
LaTeX Font Info:    Overwriting math alphabet `\mathit' in version `normal'
(Font)                  OT1/cmr/m/it --> OT1/lmr/m/it on input line 33.
LaTeX Font Info:    Overwriting math alphabet `\mathtt' in version `normal'
(Font)                  OT1/cmtt/m/n --> OT1/lmtt/m/n on input line 34.
LaTeX Font Info:    Overwriting math alphabet `\mathbf' in version `bold'
(Font)                  OT1/cmr/bx/n --> OT1/lmr/bx/n on input line 35.
LaTeX Font Info:    Overwriting math alphabet `\mathsf' in version `bold'
(Font)                  OT1/cmss/bx/n --> OT1/lmss/bx/n on input line 36.
LaTeX Font Info:    Overwriting math alphabet `\mathit' in version `bold'
(Font)                  OT1/cmr/bx/it --> OT1/lmr/bx/it on input line 37.
LaTeX Font Info:    Overwriting math alphabet `\mathtt' in version `bold'
(Font)                  OT1/cmtt/m/n --> OT1/lmtt/m/n on input line 38.
) (/usr/share/texlive/texmf-dist/tex/latex/base/inputenc.sty
Package: inputenc 2021/02/14 v1.3d Input encoding file
\inpenc@prehook=\toks16
\inpenc@posthook=\toks17
) (/usr/share/texlive/texmf-dist/tex/latex/graphics/graphicx.sty
Package: graphicx 2021/09/16 v1.2d Enhanced LaTeX Graphics (DPC,SPQR)
 (/usr/share/texlive/texmf-dist/tex/latex/graphics/keyval.sty
Package: keyval 2014/10/28 v1.15 key=value parser (DPC)
\KV@toks@=\toks18
) (/usr/share/texlive/texmf-dist/tex/latex/graphics/graphics.sty
Package: graphics 2021/03/04 v1.4d Standard LaTeX Graphics (DPC,SPQR)
 (/usr/share/texlive/texmf-dist/tex/latex/graphics/trig.sty
Package: trig 2021/08/11 v1.11 sin cos tan (DPC)
) (/usr/share/texlive/texmf-dist/tex/latex/graphics-cfg/graphics.cfg
File: graphics.cfg 2016/06/04 v1.11 sample graphics configuration
)
Package graphics Info: Driver file: pdftex.def on input line 107.
 (/usr/share/texlive/texmf-dist/tex/latex/graphics-def/pdftex.def
File: pdftex.def 2020/10/05 v1.2a Graphics/color driver for pdftex
))
\Gin@req@height=\dimen139
\Gin@req@width=\dimen140
) (/usr/share/texlive/texmf-dist/tex/latex/hyperref/hyperref.sty
Package: hyperref 2021-06-07 v7.00m Hypertext links for LaTeX
 (/usr/share/texlive/texmf-dist/tex/generic/ltxcmds/ltxcmds.sty
Package: ltxcmds 2020-05-10 v1.25 LaTeX kernel commands for general use (HO)
) (/usr/share/texlive/texmf-dist/tex/generic/iftex/iftex.sty
Package: iftex 2020/03/06 v1.0d TeX engine tests
) (/usr/share/texlive/texmf-dist/tex/generic/pdftexcmds/pdftexcmds.sty
Package: pdftexcmds 2020-06-27 v0.33 Utility functions of pdfTeX for LuaTeX (HO)
 (/usr/share/texlive/texmf-dist/tex/generic/infwarerr/infwarerr.sty
Package: infwarerr 2019/12/03 v1.5 Providing info/warning/error messages (HO)
)
Package pdftexcmds Info: \pdf@primitive is available.
Package pdftexcmds Info: \pdf@ifprimitive is available.
Package pdftexcmds Info: \pdfdraftmode found.
) (/usr/share/texlive/texmf-dist/tex/generic/kvsetkeys/kvsetkeys.sty
Package: kvsetkeys 2019/12/15 v1.18 Key value parser (HO)
) (/usr/share/texlive/texmf-dist/tex/generic/kvdefinekeys/kvdefinekeys.sty
Package: kvdefinekeys 2019-12-19 v1.6 Define keys (HO)
) (/usr/share/texlive/texmf-dist/tex/generic/pdfescape/pdfescape.sty
Package: pdfescape 2019/12/09 v1.15 Implements pdfTeX's escape features (HO)
) (/usr/share/texlive/texmf-dist/tex/latex/hycolor/hycolor.sty
Package: hycolor 2020-01-27 v1.10 Color options for hyperref/bookmark (HO)
) (/usr/share/texlive/texmf-dist/tex/latex/letltxmacro/letltxmacro.sty
Package: letltxmacro 2019/12/03 v1.6 Let assignment for LaTeX macros (HO)
) (/usr/share/texlive/texmf-dist/tex/latex/auxhook/auxhook.sty
Package: auxhook 2019-12-17 v1.6 Hooks for auxiliary files (HO)
) (/usr/share/texlive/texmf-dist/tex/latex/kvoptions/kvoptions.sty
Package: kvoptions 2020-10-07 v3.14 Key value format for package options (HO)
)
\@linkdim=\dimen141
\Hy@linkcounter=\count194
\Hy@pagecounter=\count195
 (/usr/share/texlive/texmf-dist/tex/latex/hyperref/pd1enc.def
File: pd1enc.def 2021-06-07 v7.00m Hyperref: PDFDocEncoding definition (HO)
Now handling font encoding PD1 ...
... no UTF-8 mapping file for font encoding PD1
) (/usr/share/texlive/texmf-dist/tex/latex/hyperref/hyperref-langpatches.def
File: hyperref-langpatches.def 2021-06-07 v7.00m Hyperref: patches for babel languages
) (/usr/share/texlive/texmf-dist/tex/generic/intcalc/intcalc.sty
Package: intcalc 2019/12/15 v1.3 Expandable calculations with integers (HO)
) (/usr/share/texlive/texmf-dist/tex/generic/etexcmds/etexcmds.sty
Package: etexcmds 2019/12/15 v1.7 Avoid name clashes with e-TeX commands (HO)
)
\Hy@SavedSpaceFactor=\count196
 (/usr/share/texlive/texmf-dist/tex/latex/hyperref/puenc.def
File: puenc.def 2021-06-07 v7.00m Hyperref: PDF Unicode definition (HO)
Now handling font encoding PU ...
... no UTF-8 mapping file for font encoding PU
)
Package hyperref Info: Hyper figures OFF on input line 4192.
Package hyperref Info: Link nesting OFF on input line 4197.
Package hyperref Info: Hyper index ON on input line 4200.
Package hyperref Info: Plain pages OFF on input line 4207.
Package hyperref Info: Backreferencing OFF on input line 4212.
Package hyperref Info: Implicit mode ON; LaTeX internals redefined.
Package hyperref Info: Bookmarks ON on input line 4445.
\c@Hy@tempcnt=\count197
 (/usr/share/texlive/texmf-dist/tex/latex/url/url.sty
\Urlmuskip=\muskip16
Package: url 2013/09/16  ver 3.4  Verb mode for urls, etc.
)
LaTeX Info: Redefining \url on input line 4804.
\XeTeXLinkMargin=\dimen142
 (/usr/share/texlive/texmf-dist/tex/generic/bitset/bitset.sty
Package: bitset 2019/12/09 v1.3 Handle bit-vector datatype (HO)
 (/usr/share/texlive/texmf-dist/tex/generic/bigintcalc/bigintcalc.sty
Package: bigintcalc 2019/12/15 v1.5 Expandable calculations on big integers (HO)
))
\Fld@menulength=\count198
\Field@Width=\dimen143
\Fld@charsize=\dimen144
Package hyperref Info: Hyper figures OFF on input line 6076.
Package hyperref Info: Link nesting OFF on input line 6081.
Package hyperref Info: Hyper index ON on input line 6084.
Package hyperref Info: backreferencing OFF on input line 6091.
Package hyperref Info: Link coloring OFF on input line 6096.
Package hyperref Info: Link coloring with OCG OFF on input line 6101.
Package hyperref Info: PDF/A mode OFF on input line 6106.
LaTeX Info: Redefining \ref on input line 6146.
LaTeX Info: Redefining \pageref on input line 6150.
 (/usr/share/texlive/texmf-dist/tex/latex/base/atbegshi-ltx.sty
Package: atbegshi-ltx 2021/01/10 v1.0c Emulation of the original atbegshi
package with kernel methods
)
\Hy@abspage=\count199
\c@Item=\count266
\c@Hfootnote=\count267
)
Package hyperref Info: Driver (autodetected): hpdftex.
 (/usr/share/texlive/texmf-dist/tex/latex/hyperref/hpdftex.def
File: hpdftex.def 2021-06-07 v7.00m Hyperref driver for pdfTeX
 (/usr/share/texlive/texmf-dist/tex/latex/base/atveryend-ltx.sty
Package: atveryend-ltx 2020/08/19 v1.0a Emulation of the original atveryend package
with kernel methods
)
\Fld@listcount=\count268
\c@bookmark@seq@number=\count269
 (/usr/share/texlive/texmf-dist/tex/latex/rerunfilecheck/rerunfilecheck.sty
Package: rerunfilecheck 2019/12/05 v1.9 Rerun checks for auxiliary files (HO)
 (/usr/share/texlive/texmf-dist/tex/generic/uniquecounter/uniquecounter.sty
Package: uniquecounter 2019/12/15 v1.4 Provide unlimited unique counter (HO)
)
Package uniquecounter Info: New unique counter `rerunfilecheck' on input line 286.
)
\Hy@SectionHShift=\skip49
) (/usr/share/texlive/texmf-dist/tex/latex/pdflscape/pdflscape.sty
Package: pdflscape 2019/12/05 v0.12 Display of landscape pages in PDF (HO)
 (/usr/share/texlive/texmf-dist/tex/latex/graphics/lscape.sty
Package: lscape 2020/05/28 v3.02 Landscape Pages (DPC)
)
Package pdflscape Info: Auto-detected driver: pdftex on input line 81.
) (/usr/share/texlive/texmf-dist/tex/latex/tools/multicol.sty
Package: multicol 2021/10/28 v1.9b multicolumn formatting (FMi)
\c@tracingmulticols=\count270
\mult@box=\box50
\multicol@leftmargin=\dimen145
\c@unbalance=\count271
\c@collectmore=\count272
\doublecol@number=\count273
\multicoltolerance=\count274
\multicolpretolerance=\count275
\full@width=\dimen146
\page@free=\dimen147
\premulticols=\dimen148
\postmulticols=\dimen149
\multicolsep=\skip50
\multicolbaselineskip=\skip51
\partial@page=\box51
\last@line=\box52
\maxbalancingoverflow=\dimen150
\mult@rightbox=\box53
\mult@grightbox=\box54
\mult@firstbox=\box55
\mult@gfirstbox=\box56
\@tempa=\box57
\@tempa=\box58
\@tempa=\box59
\@tempa=\box60
\@tempa=\box61
\@tempa=\box62
\@tempa=\box63
\@tempa=\box64
\@tempa=\box65
\@tempa=\box66
\@tempa=\box67
\@tempa=\box68
\@tempa=\box69
\@tempa=\box70
\@tempa=\box71
\@tempa=\box72
\@tempa=\box73
\@tempa=\box74
\@tempa=\box75
\@tempa=\box76
\@tempa=\box77
\@tempa=\box78
\@tempa=\box79
\@tempa=\box80
\@tempa=\box81
\@tempa=\box82
\@tempa=\box83
\@tempa=\box84
\@tempa=\box85
\@tempa=\box86
\@tempa=\box87
\@tempa=\box88
\@tempa=\box89
\@tempa=\box90
\@tempa=\box91
\@tempa=\box92
\c@minrows=\count276
\c@columnbadness=\count277
\c@finalcolumnbadness=\count278
\last@try=\dimen151
\multicolovershoot=\dimen152
\multicolundershoot=\dimen153
\mult@nat@firstbox=\box93
\colbreak@box=\box94
\mc@col@check@num=\count279
) (/usr/share/texlive/texmf-dist/tex/latex/listings/listings.sty
\lst@mode=\count280
\lst@gtempboxa=\box95
\lst@token=\toks19
\lst@length=\count281
\lst@currlwidth=\dimen154
\lst@column=\count282
\lst@pos=\count283
\lst@lostspace=\dimen155
\lst@width=\dimen156
\lst@newlines=\count284
\lst@lineno=\count285
\lst@maxwidth=\dimen157
 (/usr/share/texlive/texmf-dist/tex/latex/listings/lstmisc.sty
File: lstmisc.sty 2020/03/24 1.8d (Carsten Heinz)
\c@lstnumber=\count286
\lst@skipnumbers=\count287
\lst@framebox=\box96
) (/usr/share/texlive/texmf-dist/tex/latex/listings/listings.cfg
File: listings.cfg 2020/03/24 1.8d listings configuration
))
Package: listings 2020/03/24 1.8d (Carsten Heinz)
 (/usr/share/texlive/texmf-dist/tex/latex/parskip/parskip.sty
Package: parskip 2021-03-14 v2.0h non-zero parskip adjustments
 (/usr/share/texlive/texmf-dist/tex/latex/etoolbox/etoolbox.sty
Package: etoolbox 2020/10/05 v2.5k e-TeX tools for LaTeX (JAW)
\etb@tempcnta=\count288
)) (/usr/share/texlive/texmf-dist/tex/latex/pdfpages/pdfpages.sty
Package: pdfpages 2022/01/29 v0.5u Insert pages of external PDF documents (AM)
 (/usr/share/texlive/texmf-dist/tex/latex/base/ifthen.sty
Package: ifthen 2020/11/24 v1.1c Standard LaTeX ifthen package (DPC)
) (/usr/share/texlive/texmf-dist/tex/latex/tools/calc.sty
Package: calc 2017/05/25 v4.3 Infix arithmetic (KKT,FJ)
\calc@Acount=\count289
\calc@Bcount=\count290
\calc@Adimen=\dimen158
\calc@Bdimen=\dimen159
\calc@Askip=\skip52
\calc@Bskip=\skip53
LaTeX Info: Redefining \setlength on input line 80.
LaTeX Info: Redefining \addtolength on input line 81.
\calc@Ccount=\count291
\calc@Cskip=\skip54
) (/usr/share/texlive/texmf-dist/tex/latex/eso-pic/eso-pic.sty
Package: eso-pic 2020/10/14 v3.0a eso-pic (RN)
\ESO@tempdima=\dimen160
\ESO@tempdimb=\dimen161
 (/usr/share/texlive/texmf-dist/tex/latex/xcolor/xcolor.sty
Package: xcolor 2021/10/31 v2.13 LaTeX color extensions (UK)
 (/usr/share/texlive/texmf-dist/tex/latex/graphics-cfg/color.cfg
File: color.cfg 2016/01/02 v1.6 sample color configuration
)
Package xcolor Info: Driver file: pdftex.def on input line 227.
Package xcolor Info: Model `cmy' substituted by `cmy0' on input line 1352.
Package xcolor Info: Model `hsb' substituted by `rgb' on input line 1356.
Package xcolor Info: Model `RGB' extended on input line 1368.
Package xcolor Info: Model `HTML' substituted by `rgb' on input line 1370.
Package xcolor Info: Model `Hsb' substituted by `hsb' on input line 1371.
Package xcolor Info: Model `tHsb' substituted by `hsb' on input line 1372.
Package xcolor Info: Model `HSB' substituted by `hsb' on input line 1373.
Package xcolor Info: Model `Gray' substituted by `gray' on input line 1374.
Package xcolor Info: Model `wave' substituted by `hsb' on input line 1375.
))
\AM@pagewidth=\dimen162
\AM@pageheight=\dimen163
\AM@fboxrule=\dimen164
 (/usr/share/texlive/texmf-dist/tex/latex/pdfpages/pppdftex.def
File: pppdftex.def 2022/01/29 v0.5u Pdfpages driver for pdfTeX (AM)
)
\pdfpages@includegraphics@status=\count292
\AM@pagebox=\box97
\AM@global@opts=\toks20
\AM@pagecnt=\count293
\AM@toc@title=\toks21
\c@AM@survey=\count294
\AM@templatesizebox=\box98
) (/usr/share/texlive/texmf-dist/tex/latex/tocbibind/tocbibind.sty
Package: tocbibind 2010/10/13 v1.5k extra ToC listings
Package tocbibind Info: The document has chapter divisions on input line 50.


Package tocbibind Note: Using chapter style headings, unless overridden.

) (/usr/share/texlive/texmf-dist/tex/latex/microtype/microtype.sty
Package: microtype 2021/12/10 v3.0b Micro-typographical refinements (RS)
\MT@toks=\toks22
\MT@count=\count295
\MT@tempbox=\box99
LaTeX Info: Redefining \leftprotrusion on input line 1010.
LaTeX Info: Redefining \rightprotrusion on input line 1018.
LaTeX Info: Redefining \textls on input line 1173.
\MT@outer@kern=\dimen165
LaTeX Info: Redefining \textmicrotypecontext on input line 1759.
\MT@listname@count=\count296
 (/usr/share/texlive/texmf-dist/tex/latex/microtype/microtype-pdftex.def
File: microtype-pdftex.def 2021/12/10 v3.0b Definitions specific to pdftex (RS)
LaTeX Info: Redefining \lsstyle on input line 897.
LaTeX Info: Redefining \lslig on input line 897.
\MT@outer@space=\skip55
)
Package microtype Info: Loading configuration file microtype.cfg.
 (/usr/share/texlive/texmf-dist/tex/latex/microtype/microtype.cfg
File: microtype.cfg 2021/12/10 v3.0b microtype main configuration file (RS)
)) (/usr/share/texlive/texmf-dist/tex/latex/geometry/geometry.sty
Package: geometry 2020/01/02 v5.9 Page Geometry
 (/usr/share/texlive/texmf-dist/tex/generic/iftex/ifvtex.sty
Package: ifvtex 2019/10/25 v1.7 ifvtex legacy package. Use iftex instead.
)
\Gm@cnth=\count297
\Gm@cntv=\count298
\c@Gm@tempcnt=\count299
\Gm@bindingoffset=\dimen166
\Gm@wd@mp=\dimen167
\Gm@odd@mp=\dimen168
\Gm@even@mp=\dimen169
\Gm@layoutwidth=\dimen170
\Gm@layoutheight=\dimen171
\Gm@layouthoffset=\dimen172
\Gm@layoutvoffset=\dimen173
\Gm@dimlist=\toks23
) (/usr/share/texlive/texmf-dist/tex/latex/sfmath/sfmath.sty
Package: sfmath 2007/08/27 v0.8 sans serif maths
LaTeX Font Info:    Encoding `OT1' has changed to `T1' for symbol font
(Font)              `operators' in the math version `normal' on input line 329.
LaTeX Font Info:    Overwriting symbol font `operators' in version `normal'
(Font)                  OT1/lmr/m/n --> T1/lmss/m/n on input line 329.
LaTeX Font Info:    Encoding `OT1' has changed to `T1' for symbol font
(Font)              `operators' in the math version `bold' on input line 330.
LaTeX Font Info:    Overwriting symbol font `operators' in version `bold'
(Font)                  OT1/lmr/bx/n --> T1/lmss/bx/n on input line 330.
\symSFMath=\mathgroup4
LaTeX Font Info:    Overwriting symbol font `SFMath' in version `normal'
(Font)                  T1/lmss/m/sl --> T1/lmss/m/sl on input line 343.
LaTeX Font Info:    Overwriting symbol font `SFMath' in version `bold'
(Font)                  T1/lmss/m/sl --> T1/lmss/bx/sl on input line 344.
LaTeX Font Info:    Redeclaring math symbol \imath on input line 398.
LaTeX Font Info:    Redeclaring math symbol \jmath on input line 399.
\symSFMathUp=\mathgroup5
LaTeX Font Info:    Overwriting symbol font `SFMathUp' in version `normal'
(Font)                  T1/lmss/m/n --> T1/lmss/m/n on input line 406.
LaTeX Font Info:    Overwriting symbol font `SFMathUp' in version `bold'
(Font)                  T1/lmss/m/n --> T1/lmss/bx/n on input line 407.
LaTeX Font Info:    Redeclaring math symbol \ldotp on input line 410.
\symSFMathGreek=\mathgroup6
LaTeX Font Info:    Overwriting symbol font `SFMathGreek' in version `normal'
(Font)                  OT1/cmss/m/n --> OT1/cmss/m/n on input line 419.
LaTeX Font Info:    Overwriting symbol font `SFMathGreek' in version `bold'
(Font)                  OT1/cmss/m/n --> OT1/cmss/bx/n on input line 420.
LaTeX Font Info:    Redeclaring math symbol \Gamma on input line 422.
LaTeX Font Info:    Redeclaring math symbol \Delta on input line 423.
LaTeX Font Info:    Redeclaring math symbol \Theta on input line 424.
LaTeX Font Info:    Redeclaring math symbol \Lambda on input line 425.
LaTeX Font Info:    Redeclaring math symbol \Xi on input line 426.
LaTeX Font Info:    Redeclaring math symbol \Pi on input line 427.
LaTeX Font Info:    Redeclaring math symbol \Sigma on input line 428.
LaTeX Font Info:    Redeclaring math symbol \Upsilon on input line 429.
LaTeX Font Info:    Redeclaring math symbol \Phi on input line 430.
LaTeX Font Info:    Redeclaring math symbol \Psi on input line 431.
LaTeX Font Info:    Redeclaring math symbol \Omega on input line 432.
\symSFMathUpGreek=\mathgroup7
LaTeX Font Info:    Overwriting symbol font `SFMathUpGreek' in version `normal'
(Font)                  OT1/cmss/m/n --> OT1/cmss/m/n on input line 436.
LaTeX Font Info:    Overwriting symbol font `SFMathUpGreek' in version `bold'
(Font)                  OT1/cmss/m/n --> OT1/cmss/bx/n on input line 437.
LaTeX Font Info:    Overwriting math alphabet `\mathnormal' in version `normal'
(Font)                  OML/lmm/m/it --> T1/lmss/m/sl on input line 446.
LaTeX Font Info:    Overwriting math alphabet `\mathnormal' in version `bold'
(Font)                  OML/lmm/b/it --> T1/lmss/bx/sl on input line 447.
LaTeX Font Info:    Overwriting math alphabet `\mathrm' in version `normal'
(Font)                  T1/lmss/m/n --> T1/lmss/m/n on input line 449.
LaTeX Font Info:    Overwriting math alphabet `\mathrm' in version `bold'
(Font)                  T1/lmss/bx/n --> T1/lmss/bx/n on input line 450.
LaTeX Font Info:    Overwriting math alphabet `\mathbf' in version `normal'
(Font)                  OT1/lmr/bx/n --> T1/lmss/bx/n on input line 452.
LaTeX Font Info:    Overwriting math alphabet `\mathbf' in version `bold'
(Font)                  OT1/lmr/bx/n --> T1/lmss/bx/n on input line 453.
LaTeX Font Info:    Overwriting math alphabet `\mathit' in version `normal'
(Font)                  OT1/lmr/m/it --> T1/lmss/m/sl on input line 455.
LaTeX Font Info:    Overwriting math alphabet `\mathit' in version `bold'
(Font)                  OT1/lmr/bx/it --> T1/lmss/bx/sl on input line 456.
LaTeX Font Info:    Overwriting math alphabet `\mathsf' in version `normal'
(Font)                  OT1/lmss/m/n --> T1/lmss/m/n on input line 458.
LaTeX Font Info:    Overwriting math alphabet `\mathsf' in version `bold'
(Font)                  OT1/lmss/bx/n --> T1/lmss/bx/n on input line 459.
LaTeX Font Info:    Overwriting math alphabet `\mathsl' in version `bold'
(Font)                  T1/lmss/m/sl --> T1/lmss/bx/sl on input line 466.
) (/usr/share/texlive/texmf-dist/tex/generic/babel/babel.sty
Package: babel 2022/01/26 3.70 The Babel package
\babel@savecnt=\count300
\U@D=\dimen174
\l@unhyphenated=\language87
 (/usr/share/texlive/texmf-dist/tex/generic/babel/txtbabel.def)
\bbl@readstream=\read2
\bbl@dirlevel=\count301
 (/usr/share/texlive/texmf-dist/tex/generic/babel-english/english.ldf
Language: english 2017/06/06 v3.3r English support from the babel system
Package babel Info: Hyphen rules for 'canadian' set to \l@english
(babel)             (\language0). Reported on input line 102.
Package babel Info: Hyphen rules for 'australian' set to \l@ukenglish
(babel)             (\language33). Reported on input line 105.
Package babel Info: Hyphen rules for 'newzealand' set to \l@ukenglish
(babel)             (\language33). Reported on input line 108.
)) (/usr/share/texlive/texmf-dist/tex/latex/tools/tabularx.sty
Package: tabularx 2020/01/15 v2.11c `tabularx' package (DPC)
 (/usr/share/texlive/texmf-dist/tex/latex/tools/array.sty
Package: array 2021/10/04 v2.5f Tabular extension package (FMi)
\col@sep=\dimen175
\ar@mcellbox=\box100
\extrarowheight=\dimen176
\NC@list=\toks24
\extratabsurround=\skip56
\backup@length=\skip57
\ar@cellbox=\box101
)
\TX@col@width=\dimen177
\TX@old@table=\dimen178
\TX@old@col=\dimen179
\TX@target=\dimen180
\TX@delta=\dimen181
\TX@cols=\count302
\TX@ftn=\toks25
) (/usr/share/texlive/texmf-dist/tex/latex/natbib/natbib.sty
Package: natbib 2010/09/13 8.31b (PWD, AO)
\bibhang=\skip58
\bibsep=\skip59
LaTeX Info: Redefining \cite on input line 694.
\c@NAT@ctr=\count303
))
LaTeX Font Info:    Trying to load font information for T1+lmss on input line 9.
 (/usr/share/texmf/tex/latex/lm/t1lmss.fd
File: t1lmss.fd 2009/10/30 v1.6 Font defs for Latin Modern
) (/usr/share/texlive/texmf-dist/tex/latex/l3backend/l3backend-pdftex.def
File: l3backend-pdftex.def 2022-01-12 L3 backend support: PDF output (pdfTeX)
\l__color_backend_stack_int=\count304
\l__pdf_internal_box=\box102
) (./Final.aux)
\openout1 = `Final.aux'.

LaTeX Font Info:    Checking defaults for OML/cmm/m/it on input line 9.
LaTeX Font Info:    ... okay on input line 9.
LaTeX Font Info:    Checking defaults for OMS/cmsy/m/n on input line 9.
LaTeX Font Info:    ... okay on input line 9.
LaTeX Font Info:    Checking defaults for OT1/cmr/m/n on input line 9.
LaTeX Font Info:    ... okay on input line 9.
LaTeX Font Info:    Checking defaults for T1/cmr/m/n on input line 9.
LaTeX Font Info:    ... okay on input line 9.
LaTeX Font Info:    Checking defaults for TS1/cmr/m/n on input line 9.
LaTeX Font Info:    ... okay on input line 9.
LaTeX Font Info:    Checking defaults for OMX/cmex/m/n on input line 9.
LaTeX Font Info:    ... okay on input line 9.
LaTeX Font Info:    Checking defaults for U/cmr/m/n on input line 9.
LaTeX Font Info:    ... okay on input line 9.
LaTeX Font Info:    Checking defaults for PD1/pdf/m/n on input line 9.
LaTeX Font Info:    ... okay on input line 9.
LaTeX Font Info:    Checking defaults for PU/pdf/m/n on input line 9.
LaTeX Font Info:    ... okay on input line 9.
 (/usr/share/texlive/texmf-dist/tex/context/base/mkii/supp-pdf.mkii
[Loading MPS to PDF converter (version 2006.09.02).]
\scratchcounter=\count305
\scratchdimen=\dimen182
\scratchbox=\box103
\nofMPsegments=\count306
\nofMParguments=\count307
\everyMPshowfont=\toks26
\MPscratchCnt=\count308
\MPscratchDim=\dimen183
\MPnumerator=\count309
\makeMPintoPDFobject=\count310
\everyMPtoPDFconversion=\toks27
) (/usr/share/texlive/texmf-dist/tex/latex/epstopdf-pkg/epstopdf-base.sty
Package: epstopdf-base 2020-01-24 v2.11 Base part for package epstopdf
Package epstopdf-base Info: Redefining graphics rule for `.eps' on input line 485.
 (/usr/share/texlive/texmf-dist/tex/latex/latexconfig/epstopdf-sys.cfg
File: epstopdf-sys.cfg 2010/07/13 v1.3 Configuration of (r)epstopdf for TeX Live
))
Package hyperref Info: Link coloring OFF on input line 9.
 (/usr/share/texlive/texmf-dist/tex/latex/hyperref/nameref.sty
Package: nameref 2021-04-02 v2.47 Cross-referencing by name of section
 (/usr/share/texlive/texmf-dist/tex/latex/refcount/refcount.sty
Package: refcount 2019/12/15 v3.6 Data extraction from label references (HO)
) (/usr/share/texlive/texmf-dist/tex/generic/gettitlestring/gettitlestring.sty
Package: gettitlestring 2019/12/15 v1.6 Cleanup title references (HO)
)
\c@section@level=\count311
)
LaTeX Info: Redefining \ref on input line 9.
LaTeX Info: Redefining \pageref on input line 9.
LaTeX Info: Redefining \nameref on input line 9.
 (./Final.out) (./Final.out)
\@outlinefile=\write3
\openout3 = `Final.out'.

\c@lstlisting=\count312
LaTeX Info: Redefining \microtypecontext on input line 9.
Package microtype Info: Applying patch `item' on input line 9.
Package microtype Info: Applying patch `toc' on input line 9.
Package microtype Info: Applying patch `eqnum' on input line 9.
Package microtype Info: Applying patch `footnote' on input line 9.
Package microtype Info: Generating PDF output.
Package microtype Info: Character protrusion enabled (level 2).
Package microtype Info: Using default protrusion set `alltext'.
Package microtype Info: Automatic font expansion enabled (level 2),
(microtype)             stretch: 20, shrink: 20, step: 1, non-selected.
Package microtype Info: Using default expansion set `alltext-nott'.
LaTeX Info: Redefining \showhyphens on input line 9.
Package microtype Info: No adjustment of tracking.
Package microtype Info: No adjustment of interword spacing.
Package microtype Info: No adjustment of character kerning.
Package microtype Info: Loading generic protrusion settings for font family
(microtype)             `lmss' (encoding: T1).
(microtype)             For optimal results, create family-specific settings.
(microtype)             See the microtype manual for details.

*geometry* driver: auto-detecting
*geometry* detected driver: pdftex
*geometry* verbose mode - [ preamble ] result:
* driver: pdftex
* paper: a4paper
* layout: <same size as paper>
* layoutoffset:(h,v)=(0.0pt,0.0pt)
* modes: 
* h-part:(L,W,R)=(72.26999pt, 452.9679pt, 72.26999pt)
* v-part:(T,H,B)=(72.26999pt, 700.50687pt, 72.26999pt)
* \paperwidth=597.50787pt
* \paperheight=845.04684pt
* \textwidth=452.9679pt
* \textheight=700.50687pt
* \oddsidemargin=0.0pt
* \evensidemargin=0.0pt
* \topmargin=-37.0pt
* \headheight=12.0pt
* \headsep=25.0pt
* \topskip=12.0pt
* \footskip=30.0pt
* \marginparwidth=35.0pt
* \marginparsep=10.0pt
* \columnsep=10.0pt
* \skip\footins=10.8pt plus 4.0pt minus 2.0pt
* \hoffset=0.0pt
* \voffset=0.0pt
* \mag=1000
* \@twocolumnfalse
* \@twosidefalse
* \@mparswitchfalse
* \@reversemarginfalse
* (1in=72.27pt=25.4mm, 1cm=28.453pt)

Package hyperref Info: Option `pageanchor' set `false' on input line 10.
LaTeX Font Info:    Trying to load font information for OML+lmm on input line 14.
(/usr/share/texmf/tex/latex/lm/omllmm.fd
File: omllmm.fd 2009/10/30 v1.6 Font defs for Latin Modern
)
LaTeX Font Info:    Trying to load font information for OMS+lmsy on input line 14.
 (/usr/share/texmf/tex/latex/lm/omslmsy.fd
File: omslmsy.fd 2009/10/30 v1.6 Font defs for Latin Modern
)
LaTeX Font Info:    Trying to load font information for OMX+lmex on input line 14.
 (/usr/share/texmf/tex/latex/lm/omxlmex.fd
File: omxlmex.fd 2009/10/30 v1.6 Font defs for Latin Modern
)
LaTeX Font Info:    External font `lmex10' loaded for size
(Font)              <14.4> on input line 14.
LaTeX Font Info:    External font `lmex10' loaded for size
(Font)              <10> on input line 14.
LaTeX Font Info:    External font `lmex10' loaded for size
(Font)              <7> on input line 14.
Package microtype Info: Loading generic protrusion settings for font family
(microtype)             `cmss' (encoding: OT1).
(microtype)             For optimal results, create family-specific settings.
(microtype)             See the microtype manual for details.
 [1

{/var/lib/texmf/fonts/map/pdftex/updmap/pdftex.map}]
LaTeX Font Info:    External font `lmex10' loaded for size
(Font)              <12> on input line 15.
LaTeX Font Info:    External font `lmex10' loaded for size
(Font)              <8> on input line 15.
LaTeX Font Info:    External font `lmex10' loaded for size
(Font)              <6> on input line 15.
 [1]
LaTeX Font Info:    Trying to load font information for T1+lmtt on input line 18.
 (/usr/share/texmf/tex/latex/lm/t1lmtt.fd
File: t1lmtt.fd 2009/10/30 v1.6 Font defs for Latin Modern
)
Package microtype Info: Loading generic protrusion settings for font family
(microtype)             `lmtt' (encoding: T1).
(microtype)             For optimal results, create family-specific settings.
(microtype)             See the microtype manual for details.

Underfull \hbox (badness 10000) in paragraph at lines 18--18
[]$\T1/lmtt/m/n/12 https : / / www . bath . ac . uk / publications / university-[]ordinances /
 []

[2]
Package hyperref Info: Option `pageanchor' set `true' on input line 20.
 [1] (./Final.tocpdfTeX warning (ext4): destination with the same identifier (name{page.i}) has been already used, duplicate ignored
<to be read again> 
                   \relax 
l.42 ...Developer Practices}{28}{subsection.4.1.2}
                                                  % [1


])
\tf@toc=\write4
\openout4 = `Final.toc'.

 [2] (./Final.lof)
\tf@lof=\write5
\openout5 = `Final.lof'.

 [3


] [4] [5


]
Chapter 1.
[1


]
LaTeX Font Info:    Trying to load font information for TS1+lmss on input line 108.
 (/usr/share/texmf/tex/latex/lm/ts1lmss.fd
File: ts1lmss.fd 2009/10/30 v1.6 Font defs for Latin Modern
)
Package microtype Info: Loading generic protrusion settings for font family
(microtype)             `lmss' (encoding: TS1).
(microtype)             For optimal results, create family-specific settings.
(microtype)             See the microtype manual for details.
 [2] [3]
Chapter 2.
<s21ultra.jpg, id=517, 147.825pt x 197.1pt>
File: s21ultra.jpg Graphic file (type jpg)
<use s21ultra.jpg>
Package pdftex.def Info: s21ultra.jpg  used on input line 171.
(pdftex.def)             Requested size: 135.89174pt x 181.20186pt.

LaTeX Warning: `h' float specifier changed to `ht'.

[4


] [5 <./s21ultra.jpg>] [6] [7] [8]
<neuron.png, id=608, 285.31593pt x 197.23688pt>
File: neuron.png Graphic file (type png)
<use neuron.png>
Package pdftex.def Info: neuron.png  used on input line 396.
(pdftex.def)             Requested size: 271.7835pt x 187.88257pt.


LaTeX Warning: `h' float specifier changed to `ht'.

[9]
<perceptron.jpg, id=623, 464.4853pt x 181.42781pt>
File: perceptron.jpg Graphic file (type jpg)
<use perceptron.jpg>
Package pdftex.def Info: perceptron.jpg  used on input line 416.
(pdftex.def)             Requested size: 317.07614pt x 123.85374pt.
<network.png, id=628, 327.47343pt x 135.50626pt>
File: network.png Graphic file (type png)
<use network.png>
Package pdftex.def Info: network.png  used on input line 431.
(pdftex.def)             Requested size: 317.07614pt x 131.20517pt.


LaTeX Warning: `h' float specifier changed to `ht'.

[10 <./neuron.png> <./perceptron.jpg>]
<saha.jpg, id=646, 301.8915pt x 161.622pt>
File: saha.jpg Graphic file (type jpg)
<use saha.jpg>
Package pdftex.def Info: saha.jpg  used on input line 446.
(pdftex.def)             Requested size: 317.07614pt x 169.75987pt.
 [11 <./network.png> <./saha.jpg>] [12] [13]
<plantnet.png, id=690, 330.48468pt x 248.42813pt>
File: plantnet.png Graphic file (type png)
<use plantnet.png>
Package pdftex.def Info: plantnet.png  used on input line 569.
(pdftex.def)             Requested size: 317.07614pt x 238.3594pt.
<picturethis.png, id=696, 205.5178pt x 245.41687pt>
File: picturethis.png Graphic file (type png)
<use picturethis.png>
Package pdftex.def Info: picturethis.png  used on input line 589.
(pdftex.def)             Requested size: 181.18439pt x 216.3607pt.


LaTeX Warning: `h' float specifier changed to `ht'.

[14 <./plantnet.png>] [15 <./picturethis.png>] [16]
Chapter 3.
[17


]
<ox102examples.png, id=750, 521.95pt x 518.93875pt>
File: ox102examples.png Graphic file (type png)
<use ox102examples.png>
Package pdftex.def Info: ox102examples.png  used on input line 690.
(pdftex.def)             Requested size: 317.07614pt x 315.25357pt.
 [18 <./ox102examples.png>]
<inceptionv3.png, id=772, 1003.75pt x 390.45876pt>
File: inceptionv3.png Graphic file (type png)
<use inceptionv3.png>
Package pdftex.def Info: inceptionv3.png  used on input line 726.
(pdftex.def)             Requested size: 452.9679pt x 176.20528pt.
 [19 <./inceptionv3.png>] [20]
<cross_graph.png, id=817, 705.63625pt x 547.04375pt>
File: cross_graph.png Graphic file (type png)
<use cross_graph.png>
Package pdftex.def Info: cross_graph.png  used on input line 823.
(pdftex.def)             Requested size: 271.7835pt x 210.70013pt.
 [21 <./cross_graph.png>] [22]
<inception_acc.png, id=839, 387.4475pt x 266.9975pt>
File: inception_acc.png Graphic file (type png)
<use inception_acc.png>
Package pdftex.def Info: inception_acc.png  used on input line 889.
(pdftex.def)             Requested size: 271.7835pt x 187.29214pt.
 [23 <./inception_acc.png>] [24] [25] [26]
Chapter 4.
[27


] [28] [29] [30] [31] [32] [33] [34

] (./Final.bbl
LaTeX Font Info:    Font shape `T1/lmss/m/it' in size <12> not available
(Font)              Font shape `T1/lmss/m/sl' tried instead on input line 12.

Underfull \hbox (badness 10000) in paragraph at lines 11--17
[]\T1/lmss/m/n/12 (+20) Agarwal, D., 2021.  \T1/lmss/m/sl/12 (+20) Guide for fea-ture ex-trac-tion tech-niques \T1/lmss/m/n/12 (+20) [On-line].
 []


Underfull \hbox (badness 10000) in paragraph at lines 11--17
\T1/lmss/m/n/12 (+20) Avail-able from: []$\T1/lmtt/m/n/12 https : / / www . analyticsvidhya . com / blog / 2021 / 04 /
 []


Underfull \hbox (badness 10000) in paragraph at lines 39--45
[]$\T1/lmtt/m/n/12 https : / / machinelearningmastery . com / gentle-[]introduction-[]bag-[]words-[]model/$[]
 []


Underfull \hbox (badness 10000) in paragraph at lines 47--53
[]\T1/lmss/m/n/12 (+20) Brownlee, J., 2020a.  \T1/lmss/m/sl/12 (+20) 4 types of clas-si-fi-ca-tion tasks in ma-chine learn-
 []


Underfull \hbox (badness 10000) in paragraph at lines 47--53
\T1/lmss/m/sl/12 (+20) ing \T1/lmss/m/n/12 (+20) [On-line].  Avail-able from: []$\T1/lmtt/m/n/12 https : / / machinelearningmastery . com /
 []


Underfull \hbox (badness 10000) in paragraph at lines 55--61
[]$\T1/lmtt/m/n/12 https : / / machinelearningmastery . com / confusion-[]matrix-[]machine-[]learning / # :
 []


Underfull \hbox (badness 10000) in paragraph at lines 55--61
\T1/lmtt/m/n/12 ~ : text = A % 20confusion % 20matrix % 20is % 20a % 20summary % 20of % 20prediction %
 []

[35


]
Underfull \hbox (badness 1286) in paragraph at lines 115--121
[]\T1/lmss/m/n/12 (+20) GeeksForGeeks, 2020.  \T1/lmss/m/sl/12 (+20) Choose op-ti-mal num-ber of epochs to train a neu-ral net-
 []


Underfull \hbox (badness 3815) in paragraph at lines 115--121
\T1/lmss/m/sl/12 (+20) work in keras \T1/lmss/m/n/12 (+20) [On-line].  Avail-able from: []$\T1/lmtt/m/n/12 https : / / www . geeksforgeeks . org /
 []


Underfull \hbox (badness 10000) in paragraph at lines 115--121
\T1/lmtt/m/n/12 choose-[]optimal-[]number-[]of-[]epochs-[]to-[]train-[]a-[]neural-[]network-[]in-[]keras / # :
 []


Underfull \hbox (badness 10000) in paragraph at lines 115--121
\T1/lmtt/m/n/12 ~ : text = Therefore % 2C % 20the % 20optimal % 20number % 20of ,[] values % 20against %
 []


Underfull \hbox (badness 2469) in paragraph at lines 156--162
[]\T1/lmss/m/n/12 (+20) GoogleDevelopers, 2020a.  \T1/lmss/m/sl/12 (+20) Clas-si-fi-ca-tion: Pre-ci-sion and re-call \T1/lmss/m/n/12 (+20) [On-line].  Avail-
 []


Underfull \hbox (badness 1742) in paragraph at lines 156--162
\T1/lmss/m/n/12 (+20) able from: []$\T1/lmtt/m/n/12 https : / / developers . google . com / machine-[]learning / crash-[]course /
 []


Underfull \hbox (badness 2277) in paragraph at lines 164--169
[]\T1/lmss/m/n/12 (+20) GoogleDevelopers, 2020b.  \T1/lmss/m/sl/12 (+20) Clas-si-fi-ca-tion: Roc curve and auc \T1/lmss/m/n/12 (+20) [On-line].  Avail-
 []


Underfull \hbox (badness 1742) in paragraph at lines 164--169
\T1/lmss/m/n/12 (+20) able from: []$\T1/lmtt/m/n/12 https : / / developers . google . com / machine-[]learning / crash-[]course /
 []


Underfull \hbox (badness 1742) in paragraph at lines 171--177
\T1/lmss/m/n/12 (+20) able from: []$\T1/lmtt/m/n/12 https : / / developers . google . com / machine-[]learning / crash-[]course /
 []


Underfull \hbox (badness 10000) in paragraph at lines 171--177
\T1/lmtt/m/n/12 descending-[]into-[]ml / training-[]and-[]loss# : ~ : text = Loss % 20is % 20the % 20penalty %
 []


Underfull \hbox (badness 1173) in paragraph at lines 179--185
[]\T1/lmss/m/n/12 (+20) GoogleDevelopers, 2020d.  \T1/lmss/m/sl/12 (+20) Multi-class neu-ral net-works: Soft-max \T1/lmss/m/n/12 (+20) [On-line].  Avail-
 []


Underfull \hbox (badness 1742) in paragraph at lines 179--185
\T1/lmss/m/n/12 (+20) able from: []$\T1/lmtt/m/n/12 https : / / developers . google . com / machine-[]learning / crash-[]course /
 []

[36]
Underfull \hbox (badness 10000) in paragraph at lines 231--236
\T1/lmtt/m/n/12 ~ : text = Keras % 20is % 20the % 20high % 2Dlevel ,[] solutions % 20with % 20high %
 []


Underfull \hbox (badness 7362) in paragraph at lines 323--329
[]\T1/lmss/m/n/12 (+20) Mohan, S., 2020.  \T1/lmss/m/sl/12 (+20) Im-age clas-si-fi-ca-tion us-ing bag of vi-sual words model
 []


Underfull \hbox (badness 10000) in paragraph at lines 323--329
\T1/lmss/m/n/12 (+20) [On-line].  Avail-able from: []$\T1/lmtt/m/n/12 https : / / machinelearningknowledge . ai /
 []


Underfull \hbox (badness 10000) in paragraph at lines 323--329
\T1/lmtt/m/n/12 image-[]classification-[]using-[]bag-[]of-[]visual-[]words-[]model/$[] \T1/lmss/m/n/12 (+20) [Ac-cessed 2022-
 []

[37]
Underfull \hbox (badness 10000) in paragraph at lines 347--353
\T1/lmtt/m/n/12 global-[]market-[]share-[]held-[]by-[]smartphone-[]vendors-[]since-[]4th-[]quarter-[]2009/$[]
 []


Underfull \hbox (badness 10000) in paragraph at lines 394--400
[]\T1/lmss/m/n/12 (+20) Rosebrook, A., 2016.  \T1/lmss/m/sl/12 (+20) k-nn clas-si-fier for im-age clas-si-fi-ca-tion \T1/lmss/m/n/12 (+20) [On-
 []


Underfull \hbox (badness 10000) in paragraph at lines 394--400
\T1/lmss/m/n/12 (+20) line].  Avail-able from: []$\T1/lmtt/m/n/12 https : / / www . pyimagesearch . com / 2016 / 08 / 08 /
 []


Underfull \hbox (badness 3250) in paragraph at lines 408--414
[]\T1/lmss/m/n/12 (+20) Saha, S., 2018.  \T1/lmss/m/sl/12 (+20) A com-pre-hen-sive guide to con-vo-lu-tional neu-ral net-works ^^V
 []


Underfull \hbox (badness 3724) in paragraph at lines 408--414
\T1/lmss/m/sl/12 (+20) the eli5 way \T1/lmss/m/n/12 (+20) [On-line].  Avail-able from: []$\T1/lmtt/m/n/12 https : / / towardsdatascience . com /
 []


Overfull \hbox (57.77248pt too wide) in paragraph at lines 408--414
\T1/lmtt/m/n/12 a-[]comprehensive-[]guide-[]to-[]convolutional-[]neural-[]networks-[]the-[]eli5-[]way-[]3bd2b1164a53$[]
 []


Underfull \hbox (badness 6559) in paragraph at lines 416--422
[]\T1/lmss/m/n/12 (+20) Sayak, P., 2018.  \T1/lmss/m/sl/12 (+20) Hy-per-pa-ram-e-ter op-ti-miza-tion in ma-chine learn-ing mod-els
 []


Underfull \hbox (badness 3108) in paragraph at lines 416--422
\T1/lmss/m/n/12 (+20) [On-line].  Avail-able from: []$\T1/lmtt/m/n/12 https : / / www . datacamp . com / community / tutorials /
 []


Underfull \hbox (badness 1789) in paragraph at lines 430--435
\T1/lmtt/m/n/12 modules / generated / sklearn . metrics . precision _ score . html$[] \T1/lmss/m/n/12 (+20) [Ac-cessed 2022-04-
 []


Underfull \hbox (badness 1448) in paragraph at lines 437--443
[]\T1/lmss/m/n/12 (+20) Sebastian, 2021.  \T1/lmss/m/sl/12 (+20) Dropout reg-u-lar-iza-tion in neu-ral net-works: How it works and
 []


Underfull \hbox (badness 2057) in paragraph at lines 437--443
\T1/lmss/m/sl/12 (+20) when to use it \T1/lmss/m/n/12 (+20) [On-line].  Avail-able from: []$\T1/lmtt/m/n/12 https : / / programmathically . com /
 []


Overfull \hbox (20.49446pt too wide) in paragraph at lines 437--443
\T1/lmtt/m/n/12 dropout-[]regularization-[]in-[]neural-[]networks-[]how-[]it-[]works-[]and-[]when-[]to-[]use-[]it/$[]
 []

[38]
Underfull \hbox (badness 1946) in paragraph at lines 490--495
[]\T1/lmss/m/n/12 (+20) Three, 2021.  \T1/lmss/m/sl/12 (+20) Sam-sung galaxy s21 ul-tra 5g \T1/lmss/m/n/12 (+20) [On-line].  Avail-able from: []$\T1/lmtt/m/n/12 http :
 []


Underfull \hbox (badness 10000) in paragraph at lines 490--495
\T1/lmtt/m/n/12 / / www . three . co . uk / samsung / galaxy-[]s21-[]ultra-[]5g ? colour = phantom % 20black &
 []

) [39]
Appendix A.

LaTeX Warning: `h' float specifier changed to `ht'.

[40


] [41]
<full_hp.png, id=1083, 712.6625pt x 319.1925pt>
File: full_hp.png Graphic file (type png)
<use full_hp.png>
Package pdftex.def Info: full_hp.png  used on input line 1400.
(pdftex.def)             Requested size: 452.9679pt x 202.87979pt.
<inception_loss.png, id=1084, 393.47pt x 266.9975pt>
File: inception_loss.png Graphic file (type png)
<use inception_loss.png>
Package pdftex.def Info: inception_loss.png  used on input line 1411.
(pdftex.def)             Requested size: 271.7835pt x 184.42401pt.
 [42

 <./full_hp.png> <./inception_loss.png>]

LaTeX Warning: `!h' float specifier changed to `!ht'.

[43

] [44]
<Min_SDK.png, id=1100, 787.94376pt x 96.36pt>
File: Min_SDK.png Graphic file (type png)
<use Min_SDK.png>
Package pdftex.def Info: Min_SDK.png  used on input line 1515.
(pdftex.def)             Requested size: 452.9679pt x 55.39479pt.
 [45

 <./Min_SDK.png>]
<models.png, id=1106, 791.95876pt x 879.285pt>
File: models.png Graphic file (type png)
<use models.png>
Package pdftex.def Info: models.png  used on input line 1528.
(pdftex.def)             Requested size: 452.9679pt x 502.91502pt.
 [46

 <./models.png>]
Underfull \hbox (badness 10000) in paragraph at lines 1581--1584

 []

[47

] [48]
<anthurium.jpg, id=1135, 1084.05pt x 2409.0pt>
File: anthurium.jpg Graphic file (type jpg)
<use anthurium.jpg>
Package pdftex.def Info: anthurium.jpg  used on input line 1662.
(pdftex.def)             Requested size: 135.89174pt x 301.9697pt.
<columbine.jpg, id=1136, 1084.05pt x 2409.0pt>
File: columbine.jpg Graphic file (type jpg)
<use columbine.jpg>
Package pdftex.def Info: columbine.jpg  used on input line 1668.
(pdftex.def)             Requested size: 135.89174pt x 301.9697pt.


LaTeX Warning: `h' float specifier changed to `ht'.

<cyclamen.jpg, id=1137, 1084.05pt x 2409.0pt>
File: cyclamen.jpg Graphic file (type jpg)
<use cyclamen.jpg>
Package pdftex.def Info: cyclamen.jpg  used on input line 1675.
(pdftex.def)             Requested size: 135.89174pt x 301.9697pt.

LaTeX Warning: `h' float specifier changed to `ht'.

<daffodil.jpg, id=1138, 1084.05pt x 2409.0pt>
File: daffodil.jpg Graphic file (type jpg)
<use daffodil.jpg>
Package pdftex.def Info: daffodil.jpg  used on input line 1681.
(pdftex.def)             Requested size: 135.89174pt x 301.9697pt.

LaTeX Warning: `h' float specifier changed to `ht'.

<daisy.jpg, id=1139, 1084.05pt x 2409.0pt>
File: daisy.jpg Graphic file (type jpg)
<use daisy.jpg>
Package pdftex.def Info: daisy.jpg  used on input line 1687.
(pdftex.def)             Requested size: 135.89174pt x 301.9697pt.

LaTeX Warning: `h' float specifier changed to `ht'.

<dandelion.jpg, id=1140, 1084.05pt x 2409.0pt>
File: dandelion.jpg Graphic file (type jpg)
<use dandelion.jpg>
Package pdftex.def Info: dandelion.jpg  used on input line 1693.
(pdftex.def)             Requested size: 135.89174pt x 301.9697pt.

LaTeX Warning: `h' float specifier changed to `ht'.

<dandelion_2.jpg, id=1141, 1084.05pt x 2409.0pt>
File: dandelion_2.jpg Graphic file (type jpg)
<use dandelion_2.jpg>
Package pdftex.def Info: dandelion_2.jpg  used on input line 1699.
(pdftex.def)             Requested size: 135.89174pt x 301.9697pt.

LaTeX Warning: `h' float specifier changed to `ht'.

<rose.jpg, id=1142, 1084.05pt x 2409.0pt>
File: rose.jpg Graphic file (type jpg)
<use rose.jpg>
Package pdftex.def Info: rose.jpg  used on input line 1706.
(pdftex.def)             Requested size: 135.89174pt x 301.9697pt.

LaTeX Warning: `h' float specifier changed to `ht'.

[49

 <./anthurium.jpg>] [50 <./columbine.jpg> <./cyclamen.jpg>] [51 <./daffodil.jpg> <./daisy.jpg>] [52 <./dandelion.jpg> <./dandelion_2.jpg>] [53 <./rose.jpg>]
<rose_4cm.jpg, id=1168, 1084.05pt x 2409.0pt>
File: rose_4cm.jpg Graphic file (type jpg)
<use rose_4cm.jpg>
Package pdftex.def Info: rose_4cm.jpg  used on input line 1736.
(pdftex.def)             Requested size: 135.89174pt x 301.9697pt.
<rose_15cm.jpg, id=1169, 1084.05pt x 2409.0pt>
File: rose_15cm.jpg Graphic file (type jpg)
<use rose_15cm.jpg>
Package pdftex.def Info: rose_15cm.jpg  used on input line 1742.
(pdftex.def)             Requested size: 135.89174pt x 301.9697pt.


LaTeX Warning: `h' float specifier changed to `ht'.

<rose_35cm.jpg, id=1170, 1084.05pt x 2409.0pt>
File: rose_35cm.jpg Graphic file (type jpg)
<use rose_35cm.jpg>
Package pdftex.def Info: rose_35cm.jpg  used on input line 1748.
(pdftex.def)             Requested size: 135.89174pt x 301.9697pt.

LaTeX Warning: `h' float specifier changed to `ht'.

<rose_60cm.jpg, id=1171, 1084.05pt x 2409.0pt>
File: rose_60cm.jpg Graphic file (type jpg)
<use rose_60cm.jpg>
Package pdftex.def Info: rose_60cm.jpg  used on input line 1754.
(pdftex.def)             Requested size: 135.89174pt x 301.9697pt.

LaTeX Warning: `h' float specifier changed to `ht'.

[54

 <./rose_4cm.jpg>] [55 <./rose_15cm.jpg> <./rose_35cm.jpg>] [56 <./rose_60cm.jpg>]
<rose_light_1.jpg, id=1188, 1084.05pt x 2409.0pt>
File: rose_light_1.jpg Graphic file (type jpg)
<use rose_light_1.jpg>
Package pdftex.def Info: rose_light_1.jpg  used on input line 1781.
(pdftex.def)             Requested size: 135.89174pt x 301.9697pt.
<rose_light_2.jpg, id=1189, 1084.05pt x 2409.0pt>
File: rose_light_2.jpg Graphic file (type jpg)
<use rose_light_2.jpg>
Package pdftex.def Info: rose_light_2.jpg  used on input line 1787.
(pdftex.def)             Requested size: 135.89174pt x 301.9697pt.


LaTeX Warning: `h' float specifier changed to `ht'.

<rose_light_3.jpg, id=1190, 1084.05pt x 2409.0pt>
File: rose_light_3.jpg Graphic file (type jpg)
<use rose_light_3.jpg>
Package pdftex.def Info: rose_light_3.jpg  used on input line 1793.
(pdftex.def)             Requested size: 135.89174pt x 301.9697pt.

LaTeX Warning: `h' float specifier changed to `ht'.

[57

 <./rose_light_1.jpg>] [58 <./rose_light_2.jpg> <./rose_light_3.jpg>]
<CPU1_Time.png, id=1201, 573.14125pt x 241.90375pt>
File: CPU1_Time.png Graphic file (type png)
<use CPU1_Time.png>
Package pdftex.def Info: CPU1_Time.png  used on input line 1805.
(pdftex.def)             Requested size: 452.9679pt x 191.18675pt.

Overfull \hbox (2.61107pt too wide) in paragraph at lines 1804--1806
[] [] 
 []

<CPU2_Time.png, id=1202, 574.145pt x 237.88875pt>
File: CPU2_Time.png Graphic file (type png)
<use CPU2_Time.png>
Package pdftex.def Info: CPU2_Time.png  used on input line 1812.
(pdftex.def)             Requested size: 452.9679pt x 187.6832pt.

Overfull \hbox (2.61107pt too wide) in paragraph at lines 1811--1813
[] [] 
 []

<CPU4_Time.png, id=1203, 574.145pt x 237.88875pt>
File: CPU4_Time.png Graphic file (type png)
<use CPU4_Time.png>
Package pdftex.def Info: CPU4_Time.png  used on input line 1818.
(pdftex.def)             Requested size: 452.9679pt x 187.6832pt.

Overfull \hbox (2.61107pt too wide) in paragraph at lines 1817--1819
[] [] 
 []


LaTeX Warning: `h' float specifier changed to `ht'.

<CPU8_Time.png, id=1204, 574.145pt x 237.88875pt>
File: CPU8_Time.png Graphic file (type png)
<use CPU8_Time.png>
Package pdftex.def Info: CPU8_Time.png  used on input line 1824.
(pdftex.def)             Requested size: 452.9679pt x 187.6832pt.

Overfull \hbox (2.61107pt too wide) in paragraph at lines 1823--1825
[] [] 
 []


LaTeX Warning: `h' float specifier changed to `ht'.

<GPU_Time.png, id=1205, 575.14874pt x 227.85126pt>
File: GPU_Time.png Graphic file (type png)
<use GPU_Time.png>
Package pdftex.def Info: GPU_Time.png  used on input line 1830.
(pdftex.def)             Requested size: 452.9679pt x 179.45467pt.

Overfull \hbox (2.61107pt too wide) in paragraph at lines 1829--1831
[] [] 
 []


LaTeX Warning: `h' float specifier changed to `ht'.

[59

 <./CPU1_Time.png> <./CPU2_Time.png>] [60 <./CPU4_Time.png> <./CPU8_Time.png> <./GPU_Time.png>] (./Final.aux)
Package rerunfilecheck Info: File `Final.out' has not changed.
(rerunfilecheck)             Checksum: F42D260C3EFB0283700B61BF8A7C8B74;9695.
 ) 
Here is how much of TeX's memory you used:
 16485 strings out of 478287
 262772 string characters out of 5849289
 617675 words of memory out of 5000000
 33957 multiletter control sequences out of 15000+600000
 547222 words of font info for 169 fonts, out of 8000000 for 9000
 1141 hyphenation exceptions out of 8191
 76i,10n,89p,1043b,666s stack positions out of 5000i,500n,10000p,200000b,80000s
{/usr/share/texmf/fonts/enc/dvips/lm/lm-mathsy.enc}{/usr/share/texmf/fonts/enc/dvips/lm/lm-ts1.enc}{/usr/share/texmf/fonts/enc/dvips/lm/lm-ec.enc}</usr/share/texmf/fonts/type1/public/lm/lmss12.pfb></usr/share/texmf/fonts/type1/public/lm/lmssbx10.pfb></usr/share/texmf/fonts/type1/public/lm/lmsso12.pfb></usr/share/texmf/fonts/type1/public/lm/lmsy10.pfb></usr/share/texmf/fonts/type1/public/lm/lmtt12.pfb>
Output written on Final.pdf (69 pages, 13881138 bytes).
PDF statistics:
 1308 PDF objects out of 1440 (max. 8388607)
 1158 compressed objects within 12 object streams
 259 named destinations out of 1000 (max. 500000)
 49328 words of extra memory for PDF output out of 51595 (max. 10000000)

